[15:49:36] [Client thread/INFO]: Setting user: Player648
[15:49:42] [Client thread/INFO]: LWJGL Version: 2.9.2
[15:49:48] [Client thread/INFO]: Reloading ResourceManager: Default, FMLFileResourcePack:Forge Mod Loader, FMLFileResourcePack:Minecraft Forge, FMLFileResourcePack:Sonic Tools Mod
[15:49:49] [Sound Library Loader/INFO]: Starting up SoundSystem...
[15:49:49] [Thread-7/INFO]: Initializing LWJGL OpenAL
[15:49:49] [Thread-7/INFO]: (The LWJGL binding of OpenAL.  For more information, see http://www.lwjgl.org)
[15:49:50] [Thread-7/INFO]: OpenAL initialized.
[15:49:50] [Sound Library Loader/INFO]: Sound engine started
[15:49:56] [Client thread/INFO]: Created: 16x16 textures-atlas
[15:49:59] [Client thread/INFO]: Reloading ResourceManager: Default, FMLFileResourcePack:Forge Mod Loader, FMLFileResourcePack:Minecraft Forge, FMLFileResourcePack:Sonic Tools Mod
[15:49:59] [Client thread/INFO]: SoundSystem shutting down...
[15:49:59] [Client thread/WARN]: Author: Paul Lamb, www.paulscode.com
[15:49:59] [Sound Library Loader/INFO]: Starting up SoundSystem...
[15:50:00] [Thread-9/INFO]: Initializing LWJGL OpenAL
[15:50:00] [Thread-9/INFO]: (The LWJGL binding of OpenAL.  For more information, see http://www.lwjgl.org)
[15:50:00] [Thread-9/INFO]: OpenAL initialized.
[15:50:00] [Sound Library Loader/INFO]: Sound engine started
[15:50:06] [Client thread/INFO]: Created: 1024x512 textures-atlas
[15:50:06] [Client thread/ERROR]: ########## GL ERROR ##########
[15:50:06] [Client thread/ERROR]: @ Post startup
[15:50:06] [Client thread/ERROR]: 1281: Invalid value
[15:50:08] [Realms Notification Availability checker #1/INFO]: Could not authorize you against Realms server: Invalid session id
[15:51:15] [Client thread/INFO]: Stopping!
[15:51:15] [Client thread/INFO]: SoundSystem shutting down...
[15:51:15] [Client thread/WARN]: Author: Paul Lamb, www.paulscode.com
