[16:45:53] [Client thread/INFO]: Setting user: Player633
[16:45:59] [Client thread/INFO]: LWJGL Version: 2.9.2
[16:46:03] [Client thread/INFO]: Reloading ResourceManager: Default, FMLFileResourcePack:Forge Mod Loader, FMLFileResourcePack:Minecraft Forge, FMLFileResourcePack:Sonic Tools Mod
[16:46:04] [Sound Library Loader/INFO]: Starting up SoundSystem...
[16:46:05] [Thread-7/INFO]: Initializing LWJGL OpenAL
[16:46:05] [Thread-7/INFO]: (The LWJGL binding of OpenAL.  For more information, see http://www.lwjgl.org)
[16:46:05] [Thread-7/INFO]: OpenAL initialized.
[16:46:05] [Sound Library Loader/INFO]: Sound engine started
[16:46:10] [Client thread/INFO]: Created: 16x16 textures-atlas
[16:46:12] [Client thread/INFO]: Reloading ResourceManager: Default, FMLFileResourcePack:Forge Mod Loader, FMLFileResourcePack:Minecraft Forge, FMLFileResourcePack:Sonic Tools Mod
[16:46:12] [Client thread/INFO]: SoundSystem shutting down...
[16:46:12] [Client thread/WARN]: Author: Paul Lamb, www.paulscode.com
[16:46:12] [Sound Library Loader/INFO]: Starting up SoundSystem...
[16:46:12] [Thread-9/INFO]: Initializing LWJGL OpenAL
[16:46:12] [Thread-9/INFO]: (The LWJGL binding of OpenAL.  For more information, see http://www.lwjgl.org)
[16:46:12] [Thread-9/INFO]: OpenAL initialized.
[16:46:13] [Sound Library Loader/INFO]: Sound engine started
[16:46:17] [Client thread/INFO]: Created: 1024x512 textures-atlas
[16:46:18] [Client thread/ERROR]: ########## GL ERROR ##########
[16:46:18] [Client thread/ERROR]: @ Post startup
[16:46:18] [Client thread/ERROR]: 1281: Invalid value
[16:46:19] [Realms Notification Availability checker #1/INFO]: Could not authorize you against Realms server: Invalid session id
[16:46:24] [Realms Notification Availability checker #1/INFO]: Could not authorize you against Realms server: Invalid session id
[16:46:24] [Server thread/INFO]: Starting integrated minecraft server version 1.8.9
[16:46:24] [Server thread/INFO]: Generating keypair
[16:46:25] [Server thread/INFO]: Preparing start region for level 0
[16:46:26] [Server thread/INFO]: Preparing spawn area: 29%
[16:46:27] [Realms Notification Availability checker #1/INFO]: Could not authorize you against Realms server: Invalid session id
[16:46:27] [Server thread/INFO]: Changing view distance to 12, from 10
[16:46:28] [Server thread/INFO]: Player633[local:E:242757e8] logged in with entity id 258 at (-57.69999998807907, 64.9249435902683, 98.87944996515773)
[16:46:28] [Server thread/INFO]: Player633 joined the game
[16:46:29] [pool-2-thread-1/WARN]: Couldn't look up profile properties for com.mojang.authlib.GameProfile@6aaf9e83[id=00b30fb1-4b45-3336-98e4-8adf600e5f5e,name=Player633,properties={},legacy=false]
com.mojang.authlib.exceptions.AuthenticationException: The client has sent too many requests within a certain amount of time
	at com.mojang.authlib.yggdrasil.YggdrasilAuthenticationService.makeRequest(YggdrasilAuthenticationService.java:65) ~[YggdrasilAuthenticationService.class:?]
	at com.mojang.authlib.yggdrasil.YggdrasilMinecraftSessionService.fillGameProfile(YggdrasilMinecraftSessionService.java:175) [YggdrasilMinecraftSessionService.class:?]
	at com.mojang.authlib.yggdrasil.YggdrasilMinecraftSessionService$1.load(YggdrasilMinecraftSessionService.java:59) [YggdrasilMinecraftSessionService$1.class:?]
	at com.mojang.authlib.yggdrasil.YggdrasilMinecraftSessionService$1.load(YggdrasilMinecraftSessionService.java:56) [YggdrasilMinecraftSessionService$1.class:?]
	at com.google.common.cache.LocalCache$LoadingValueReference.loadFuture(LocalCache.java:3524) [guava-17.0.jar:?]
	at com.google.common.cache.LocalCache$Segment.loadSync(LocalCache.java:2317) [guava-17.0.jar:?]
	at com.google.common.cache.LocalCache$Segment.lockedGetOrLoad(LocalCache.java:2280) [guava-17.0.jar:?]
	at com.google.common.cache.LocalCache$Segment.get(LocalCache.java:2195) [guava-17.0.jar:?]
	at com.google.common.cache.LocalCache.get(LocalCache.java:3934) [guava-17.0.jar:?]
	at com.google.common.cache.LocalCache.getOrLoad(LocalCache.java:3938) [guava-17.0.jar:?]
	at com.google.common.cache.LocalCache$LocalLoadingCache.get(LocalCache.java:4821) [guava-17.0.jar:?]
	at com.google.common.cache.LocalCache$LocalLoadingCache.getUnchecked(LocalCache.java:4827) [guava-17.0.jar:?]
	at com.mojang.authlib.yggdrasil.YggdrasilMinecraftSessionService.fillProfileProperties(YggdrasilMinecraftSessionService.java:165) [YggdrasilMinecraftSessionService.class:?]
	at net.minecraft.client.Minecraft.func_181037_M(Minecraft.java:2915) [Minecraft.class:?]
	at net.minecraft.client.resources.SkinManager$3.run(SkinManager.java:130) [SkinManager$3.class:?]
	at java.util.concurrent.Executors$RunnableAdapter.call(Executors.java:511) [?:1.8.0_65]
	at java.util.concurrent.FutureTask.run(FutureTask.java:266) [?:1.8.0_65]
	at java.util.concurrent.ThreadPoolExecutor.runWorker(ThreadPoolExecutor.java:1142) [?:1.8.0_65]
	at java.util.concurrent.ThreadPoolExecutor$Worker.run(ThreadPoolExecutor.java:617) [?:1.8.0_65]
	at java.lang.Thread.run(Thread.java:745) [?:1.8.0_65]
[16:46:41] [Server thread/INFO]: Player633 has just earned the achievement [Taking Inventory]
[16:46:41] [Client thread/INFO]: [CHAT] Player633 has just earned the achievement [Taking Inventory]
[16:46:43] [Server thread/INFO]: Saving and pausing game...
[16:46:43] [Server thread/INFO]: Saving chunks for level 'New Worldhtjyt'/Overworld
[16:46:43] [Server thread/INFO]: Saving chunks for level 'New Worldhtjyt'/Nether
[16:46:43] [Server thread/INFO]: Saving chunks for level 'New Worldhtjyt'/The End
[16:46:44] [Server thread/INFO]: Stopping server
[16:46:44] [Server thread/INFO]: Saving players
[16:46:44] [Server thread/INFO]: Saving worlds
[16:46:44] [Server thread/INFO]: Saving chunks for level 'New Worldhtjyt'/Overworld
[16:46:44] [Server thread/INFO]: Saving chunks for level 'New Worldhtjyt'/Nether
[16:46:44] [Server thread/INFO]: Saving chunks for level 'New Worldhtjyt'/The End
[16:46:46] [Client thread/INFO]: Stopping!
[16:46:46] [Client thread/INFO]: SoundSystem shutting down...
[16:46:46] [Client thread/WARN]: Author: Paul Lamb, www.paulscode.com
